<?xml version="1.0" encoding="UTF-8"?>
<!-- Generated by org.testng.reporters.JUnitXMLReporter -->
<testsuite hostname="LAPTOP-SMC8HIAI" ignored="0" name="Default test" tests="3" failures="0" timestamp="2022-06-04T16:05:29 IST" time="0.063" errors="0">
  <testcase name="login" time="0.015" classname="testngflags.depend"/>
  <testcase name="createContact" time="0.0" classname="testngflags.depend"/>
  <testcase name="logout" time="0.0" classname="testngflags.depend"/>
</testsuite> <!-- Default test -->
