<?xml version="1.0" encoding="UTF-8"?>
<!-- Generated by org.testng.reporters.JUnitXMLReporter -->
<testsuite hostname="LAPTOP-SMC8HIAI" ignored="0" name="Test(failed)" tests="1" failures="1" timestamp="2022-06-04T08:56:33 IST" time="0.052" errors="0">
  <testcase name="c" time="0.009" classname="testngpack.Sumo">
    <failure type="java.lang.AssertionError" message="null">
      <![CDATA[java.lang.AssertionError: null
at testngpack.Sumo.c(Sumo.java:12)
at java.util.ArrayList.forEach(ArrayList.java:1257)
... Removed 29 stack frames]]>
    </failure>
  </testcase> <!-- c -->
</testsuite> <!-- Test(failed) -->
