<?xml version="1.0" encoding="UTF-8"?>
<testng-results skipped="0" failed="0" ignored="0" total="3" passed="3">
  <reporter-output>
    <line>
      <![CDATA[login to actitime]]>
    </line>
    <line>
      <![CDATA[Create contact]]>
    </line>
    <line>
      <![CDATA[logout from  actitime]]>
    </line>
  </reporter-output>
  <suite name="Default suite" duration-ms="63" started-at="2022-06-04T16:05:29 IST" finished-at="2022-06-04T16:05:29 IST">
    <groups>
    </groups>
    <test name="Default test" duration-ms="63" started-at="2022-06-04T16:05:29 IST" finished-at="2022-06-04T16:05:29 IST">
      <class name="testngflags.depend">
        <test-method status="PASS" signature="login()[pri:0, instance:testngflags.depend@15d0c81b]" name="login" duration-ms="15" started-at="2022-06-04T16:05:29 IST" finished-at="2022-06-04T16:05:29 IST">
          <reporter-output>
            <line>
              <![CDATA[login to actitime]]>
            </line>
          </reporter-output>
        </test-method> <!-- login -->
        <test-method status="PASS" signature="createContact()[pri:0, instance:testngflags.depend@15d0c81b]" name="createContact" duration-ms="0" started-at="2022-06-04T16:05:29 IST" depends-on-methods="testngflags.depend.login" finished-at="2022-06-04T16:05:29 IST">
          <reporter-output>
            <line>
              <![CDATA[Create contact]]>
            </line>
          </reporter-output>
        </test-method> <!-- createContact -->
        <test-method status="PASS" signature="logout()[pri:-1, instance:testngflags.depend@15d0c81b]" name="logout" duration-ms="0" started-at="2022-06-04T16:05:29 IST" depends-on-methods="testngflags.depend.createContact" finished-at="2022-06-04T16:05:29 IST">
          <reporter-output>
            <line>
              <![CDATA[logout from  actitime]]>
            </line>
          </reporter-output>
        </test-method> <!-- logout -->
      </class> <!-- testngflags.depend -->
    </test> <!-- Default test -->
  </suite> <!-- Default suite -->
</testng-results>
