<?xml version="1.0" encoding="UTF-8"?>
<!-- Generated by org.testng.reporters.JUnitXMLReporter -->
<testsuite hostname="LAPTOP-SMC8HIAI" ignored="0" name="Test" tests="3" failures="1" timestamp="2022-06-04T08:53:46 IST" time="0.061" errors="0">
  <testcase name="c" time="0.008" classname="testngpack.Sumo">
    <failure type="java.lang.AssertionError" message="null">
      <![CDATA[java.lang.AssertionError: null
at testngpack.Sumo.c(Sumo.java:12)
at java.util.ArrayList.forEach(ArrayList.java:1257)
... Removed 29 stack frames]]>
    </failure>
  </testcase> <!-- c -->
  <testcase name="b" time="0.002" classname="testngpack.Remo"/>
  <testcase name="a" time="0.001" classname="testngpack.Demo"/>
</testsuite> <!-- Test -->
